<?xml version="1.0" encoding="UTF-8"?>
<testng-results skipped="0" failed="1" ignored="0" total="2" passed="1">
  <reporter-output>
    <line>
      <![CDATA[Movie name is same]]>
    </line>
  </reporter-output>
  <suite name="Failed suite [Default suite]" duration-ms="53663" started-at="2021-08-27T16:11:44 EDT" finished-at="2021-08-27T16:12:38 EDT">
    <groups>
    </groups>
    <test name="Default test(failed)" duration-ms="53663" started-at="2021-08-27T16:11:44 EDT" finished-at="2021-08-27T16:12:38 EDT">
      <class name="searchMovieTest">
        <test-method status="PASS" signature="setUp()[pri:0, instance:searchMovieTest@670b40af]" name="setUp" is-config="true" duration-ms="18347" started-at="2021-08-27T16:11:44 EDT" finished-at="2021-08-27T16:12:03 EDT">
          <reporter-output>
          </reporter-output>
        </test-method> <!-- setUp -->
        <test-method status="PASS" signature="TC1_search_Movie()[pri:0, instance:searchMovieTest@670b40af]" name="TC1_search_Movie" duration-ms="11579" started-at="2021-08-27T16:12:03 EDT" finished-at="2021-08-27T16:12:14 EDT">
          <reporter-output>
            <line>
              <![CDATA[Movie name is same]]>
            </line>
          </reporter-output>
        </test-method> <!-- TC1_search_Movie -->
        <test-method status="PASS" signature="catchExceptions(org.testng.ITestResult)[pri:0, instance:searchMovieTest@670b40af]" name="catchExceptions" is-config="true" duration-ms="6" started-at="2021-08-27T16:12:14 EDT" finished-at="2021-08-27T16:12:14 EDT">
          <params>
            <param index="0">
              <value>
                <![CDATA[[TestResult name=TC1_search_Movie status=SUCCESS method=searchMovieTest.TC1_search_Movie()[pri:0, instance:searchMovieTest@670b40af] output=Movie name is same]]]>
              </value>
            </param>
          </params>
          <reporter-output>
          </reporter-output>
        </test-method> <!-- catchExceptions -->
        <test-method status="FAIL" signature="TC2_explore_MovieResults()[pri:0, instance:searchMovieTest@670b40af]" name="TC2_explore_MovieResults" duration-ms="21049" started-at="2021-08-27T16:12:14 EDT" depends-on-methods="searchMovieTest.TC1_search_Movie" finished-at="2021-08-27T16:12:35 EDT">
          <exception class="org.openqa.selenium.ElementNotInteractableException">
            <message>
              <![CDATA[element not interactable
  (Session info: chrome=92.0.4515.159)
Build info: version: '3.141.59', revision: 'e82be7d358', time: '2018-11-14T08:17:03'
System info: host: 'MIFARDGOLLA-M2', ip: 'fe80:0:0:0:43e:45fc:410:25a7%en0', os.name: 'Mac OS X', os.arch: 'x86_64', os.version: '10.16', java.version: '1.8.0_181'
Driver info: org.openqa.selenium.chrome.ChromeDriver
Capabilities {acceptInsecureCerts: false, browserName: chrome, browserVersion: 92.0.4515.159, chrome: {chromedriverVersion: 92.0.4515.107 (87a818b10553..., userDataDir: /var/folders/4c/3mds6v5x2hz...}, goog:chromeOptions: {debuggerAddress: localhost:59181}, javascriptEnabled: true, networkConnectionEnabled: false, pageLoadStrategy: normal, platform: MAC, platformName: MAC, proxy: Proxy(), setWindowRect: true, strictFileInteractability: false, timeouts: {implicit: 0, pageLoad: 300000, script: 30000}, unhandledPromptBehavior: dismiss and notify, webauthn:extension:credBlob: true, webauthn:extension:largeBlob: true, webauthn:virtualAuthenticators: true}
Session ID: e5177e8bbf63f6812d564ef92585fd23]]>
            </message>
            <full-stacktrace>
              <![CDATA[org.openqa.selenium.ElementNotInteractableException: element not interactable
  (Session info: chrome=92.0.4515.159)
Build info: version: '3.141.59', revision: 'e82be7d358', time: '2018-11-14T08:17:03'
System info: host: 'MIFARDGOLLA-M2', ip: 'fe80:0:0:0:43e:45fc:410:25a7%en0', os.name: 'Mac OS X', os.arch: 'x86_64', os.version: '10.16', java.version: '1.8.0_181'
Driver info: org.openqa.selenium.chrome.ChromeDriver
Capabilities {acceptInsecureCerts: false, browserName: chrome, browserVersion: 92.0.4515.159, chrome: {chromedriverVersion: 92.0.4515.107 (87a818b10553..., userDataDir: /var/folders/4c/3mds6v5x2hz...}, goog:chromeOptions: {debuggerAddress: localhost:59181}, javascriptEnabled: true, networkConnectionEnabled: false, pageLoadStrategy: normal, platform: MAC, platformName: MAC, proxy: Proxy(), setWindowRect: true, strictFileInteractability: false, timeouts: {implicit: 0, pageLoad: 300000, script: 30000}, unhandledPromptBehavior: dismiss and notify, webauthn:extension:credBlob: true, webauthn:extension:largeBlob: true, webauthn:virtualAuthenticators: true}
Session ID: e5177e8bbf63f6812d564ef92585fd23
at sun.reflect.NativeConstructorAccessorImpl.newInstance0(Native Method)
at sun.reflect.NativeConstructorAccessorImpl.newInstance(NativeConstructorAccessorImpl.java:62)
at sun.reflect.DelegatingConstructorAccessorImpl.newInstance(DelegatingConstructorAccessorImpl.java:45)
at java.lang.reflect.Constructor.newInstance(Constructor.java:423)
at org.openqa.selenium.remote.http.W3CHttpResponseCodec.createException(W3CHttpResponseCodec.java:187)
at org.openqa.selenium.remote.http.W3CHttpResponseCodec.decode(W3CHttpResponseCodec.java:122)
at org.openqa.selenium.remote.http.W3CHttpResponseCodec.decode(W3CHttpResponseCodec.java:49)
at org.openqa.selenium.remote.HttpCommandExecutor.execute(HttpCommandExecutor.java:158)
at org.openqa.selenium.remote.service.DriverCommandExecutor.execute(DriverCommandExecutor.java:83)
at org.openqa.selenium.remote.RemoteWebDriver.execute(RemoteWebDriver.java:552)
at org.openqa.selenium.remote.RemoteWebElement.execute(RemoteWebElement.java:285)
at org.openqa.selenium.remote.RemoteWebElement.click(RemoteWebElement.java:84)
at PageObjMod.explore_MovieResults(PageObjMod.java:120)
at searchMovieTest.TC2_explore_MovieResults(searchMovieTest.java:71)
at sun.reflect.NativeMethodAccessorImpl.invoke0(Native Method)
at sun.reflect.NativeMethodAccessorImpl.invoke(NativeMethodAccessorImpl.java:62)
at sun.reflect.DelegatingMethodAccessorImpl.invoke(DelegatingMethodAccessorImpl.java:43)
at java.lang.reflect.Method.invoke(Method.java:498)
at org.testng.internal.MethodInvocationHelper.invokeMethod(MethodInvocationHelper.java:133)
at org.testng.internal.TestInvoker.invokeMethod(TestInvoker.java:598)
at org.testng.internal.TestInvoker.invokeTestMethod(TestInvoker.java:173)
at org.testng.internal.MethodRunner.runInSequence(MethodRunner.java:46)
at org.testng.internal.TestInvoker$MethodInvocationAgent.invoke(TestInvoker.java:824)
at org.testng.internal.TestInvoker.invokeTestMethods(TestInvoker.java:146)
at org.testng.internal.TestMethodWorker.invokeTestMethods(TestMethodWorker.java:146)
at org.testng.internal.TestMethodWorker.run(TestMethodWorker.java:128)
at java.util.ArrayList.forEach(ArrayList.java:1257)
at org.testng.TestRunner.privateRun(TestRunner.java:794)
at org.testng.TestRunner.run(TestRunner.java:596)
at org.testng.SuiteRunner.runTest(SuiteRunner.java:377)
at org.testng.SuiteRunner.runSequentially(SuiteRunner.java:371)
at org.testng.SuiteRunner.privateRun(SuiteRunner.java:332)
at org.testng.SuiteRunner.run(SuiteRunner.java:276)
at org.testng.SuiteRunnerWorker.runSuite(SuiteRunnerWorker.java:53)
at org.testng.SuiteRunnerWorker.run(SuiteRunnerWorker.java:96)
at org.testng.TestNG.runSuitesSequentially(TestNG.java:1212)
at org.testng.TestNG.runSuitesLocally(TestNG.java:1134)
at org.testng.TestNG.runSuites(TestNG.java:1063)
at org.testng.TestNG.run(TestNG.java:1031)
at org.testng.remote.AbstractRemoteTestNG.run(AbstractRemoteTestNG.java:115)
at org.testng.remote.RemoteTestNG.initAndRun(RemoteTestNG.java:251)
at org.testng.remote.RemoteTestNG.main(RemoteTestNG.java:77)
]]>
            </full-stacktrace>
          </exception> <!-- org.openqa.selenium.ElementNotInteractableException -->
          <reporter-output>
          </reporter-output>
        </test-method> <!-- TC2_explore_MovieResults -->
        <test-method status="PASS" signature="catchExceptions(org.testng.ITestResult)[pri:0, instance:searchMovieTest@670b40af]" name="catchExceptions" is-config="true" duration-ms="2425" started-at="2021-08-27T16:12:35 EDT" finished-at="2021-08-27T16:12:38 EDT">
          <params>
            <param index="0">
              <value>
                <![CDATA[[TestResult name=TC2_explore_MovieResults status=FAILURE method=searchMovieTest.TC2_explore_MovieResults()[pri:0, instance:searchMovieTest@670b40af] output={null}]]]>
              </value>
            </param>
          </params>
          <reporter-output>
          </reporter-output>
        </test-method> <!-- catchExceptions -->
        <test-method status="PASS" signature="tearDown()[pri:0, instance:searchMovieTest@670b40af]" name="tearDown" is-config="true" duration-ms="218" started-at="2021-08-27T16:12:38 EDT" finished-at="2021-08-27T16:12:38 EDT">
          <reporter-output>
          </reporter-output>
        </test-method> <!-- tearDown -->
      </class> <!-- searchMovieTest -->
    </test> <!-- Default test(failed) -->
  </suite> <!-- Failed suite [Default suite] -->
</testng-results>
